Drill Listing
=============
Drill: .01  Tool: 1  Feed: 95  Speed: 300
X 822000  Y 614400
X 822000  Y 618500
X 822000  Y 622500
X 822000  Y 626500
X 822000  Y 630700
X 822000  Y 634600
X 822000  Y 638700
X 828000  Y 614300
X 828000  Y 618500
X 828000  Y 622400
X 828000  Y 608200
X 828100  Y 630700
X 828100  Y 634700
X 828100  Y 638600
X 828100  Y 626600
X 828000  Y 642800
X 828000  Y 646900
X 822000  Y 642700
X 807200  Y 647000
X 781200  Y 670100
X 568900  Y 716000
X 720900  Y 725300
X 729800  Y 733500

Drill: .014  Tool: 2  Feed: 95  Speed: 300
X 647000  Y 583000
X 649000  Y 580000
X 651000  Y 583000
X 683500  Y 604500
X 694600  Y 604600
X 704000  Y 573800
X 707700  Y 614300
X 708400  Y 605600
X 710800  Y 609800
X 719000  Y 601000
X 732400  Y 613300
X 732400  Y 606300
X 738300  Y 613200
X 738400  Y 606500
X 787000  Y 609000
X 789000  Y 606000
X 791000  Y 609000
X 789000  Y 640000
X 787000  Y 637000
X 785000  Y 640000
X 751500  Y 632100
X 742300  Y 640000
X 740800  Y 634800
X 738300  Y 620000
X 732400  Y 620200
X 726400  Y 634700
X 718900  Y 634200
X 711100  Y 617200
X 708800  Y 640800
X 707500  Y 622800
X 694800  Y 626100
X 683500  Y 616100
X 586000  Y 657000
X 588000  Y 654000
X 590000  Y 657000
X 685000  Y 652000
X 687000  Y 649000
X 689000  Y 652000
X 718800  Y 665300
X 719000  Y 662000
X 719300  Y 651000
X 724800  Y 662800
X 727700  Y 653200
X 728400  Y 649500
X 751400  Y 644800
X 763000  Y 665000
X 765900  Y 662200
X 768000  Y 650000
X 824000  Y 684000
X 822000  Y 681000
X 820000  Y 684000
X 799000  Y 682000
X 797000  Y 679000
X 795000  Y 682000
X 777600  Y 666500
X 751600  Y 681700
X 740400  Y 677500
X 711200  Y 674500
X 707000  Y 689000
X 705000  Y 686000
X 704700  Y 673400
X 703000  Y 689000
X 696500  Y 673000
X 583000  Y 705900
X 597000  Y 710600
X 673000  Y 697000
X 675000  Y 694000
X 677000  Y 697000
X 689200  Y 715600
X 712100  Y 711200
X 712200  Y 703400
X 712400  Y 707800
X 721900  Y 704500
X 725000  Y 713300
X 728400  Y 712200
X 746100  Y 700400
X 770200  Y 715600
X 779200  Y 694900
X 799900  Y 701300
X 822000  Y 738000
X 767100  Y 721600
X 766500  Y 717700
X 749800  Y 735500
X 739600  Y 734400
X 691900  Y 719500
X 685100  Y 719600
X 677100  Y 734000
X 675300  Y 729500
X 672000  Y 734100
X 668300  Y 722000
X 666300  Y 739100
X 663600  Y 725300
X 663600  Y 717200
X 659900  Y 730900
X 560600  Y 770900
X 573500  Y 770900
X 584400  Y 770900
X 598500  Y 787200
X 602200  Y 787200
X 605900  Y 787200
X 649800  Y 741300
X 661400  Y 744100
X 674000  Y 762000
X 676000  Y 759000
X 678000  Y 762000
X 731000  Y 754000
X 733000  Y 751000
X 735000  Y 754000
X 761500  Y 747400
X 773000  Y 778000
X 775000  Y 775000
X 777000  Y 778000
X 820000  Y 741000
X 824000  Y 741000
X 863000  Y 817000
X 861000  Y 814000
X 859000  Y 817000
X 776000  Y 805000
X 774000  Y 802000
X 772000  Y 805000
X 589900  Y 818000
X 579000  Y 818000
X 560700  Y 817900

Drill: .02362  Tool: 3  Feed: 197  Speed: 550
X 734476  Y 664255
X 736051  Y 658232
X 739200  Y 664255
X 740775  Y 658232
X 743925  Y 664255
X 745500  Y 658232
X 748649  Y 664255
X 750224  Y 658232
X 753374  Y 664255
X 754948  Y 658232
X 758098  Y 664255
X 774633  Y 677917
X 774633  Y 682641
X 774633  Y 687366
X 768610  Y 676342
X 768610  Y 681066
X 768610  Y 685791
X 768610  Y 690515
X 762625  Y 679492
X 762625  Y 684216
X 762625  Y 688940
X 762625  Y 674767
X 756523  Y 670240
X 751799  Y 670240
X 747074  Y 670240
X 742350  Y 670240
X 737625  Y 670240
X 732901  Y 670240
X 728374  Y 690515
X 728374  Y 685791
X 728374  Y 681066
X 728374  Y 676342
X 722389  Y 684216
X 722389  Y 679492
X 722389  Y 688940
X 722389  Y 674767
X 716366  Y 677917
X 716366  Y 687366
X 716366  Y 682641
X 716366  Y 696814
X 716366  Y 692090
X 722389  Y 698389
X 722389  Y 693665
X 728374  Y 699964
X 728374  Y 695240
X 732901  Y 710476
X 734476  Y 704492
X 737625  Y 710476
X 739200  Y 704492
X 742350  Y 710476
X 743925  Y 704492
X 747074  Y 710476
X 748649  Y 704492
X 751799  Y 710476
X 753374  Y 704492
X 756523  Y 710476
X 758098  Y 704492
X 762625  Y 698389
X 762625  Y 693665
X 768610  Y 695240
X 768610  Y 699964
X 774633  Y 696814
X 774633  Y 692090
X 754948  Y 716500
X 750224  Y 716500
X 745500  Y 716500
X 740775  Y 716500
X 736051  Y 716500

Drill: .03543  Tool: 4  Feed: 197  Speed: 550
X 580300  Y 785577
X 580300  Y 802900

Drill: .04  Tool: 5  Feed: 139  Speed: 550
X 669000  Y 580000
X 669000  Y 590000
X 679000  Y 580000
X 679000  Y 590000
X 689000  Y 580000
X 689000  Y 590000
X 699000  Y 580000
X 699000  Y 590000
X 709000  Y 580000
X 709000  Y 590000
X 719000  Y 580000
X 719000  Y 590000
X 729000  Y 580000
X 729000  Y 590000
X 739000  Y 580000
X 739000  Y 590000
X 749000  Y 580000
X 749000  Y 590000
X 759000  Y 580000
X 759000  Y 590000
X 769000  Y 580000
X 769000  Y 590000
X 779000  Y 580000
X 779000  Y 590000
X 789000  Y 580000
X 789000  Y 590000
X 799000  Y 580000
X 799000  Y 590000
X 809000  Y 580000
X 809000  Y 590000
X 819000  Y 580000
X 819000  Y 590000
X 858500  Y 604500
X 858500  Y 614500
X 858500  Y 624500
X 858500  Y 634500
X 848500  Y 604500
X 848500  Y 624500
X 848500  Y 614500
X 848500  Y 634500
X 642000  Y 634500
X 642000  Y 624500
X 642000  Y 614500
X 642000  Y 604500
X 632000  Y 614500
X 632000  Y 624500
X 632000  Y 604500
X 632000  Y 634500
X 632000  Y 664500
X 632000  Y 654500
X 632000  Y 644500
X 632000  Y 684500
X 632000  Y 674500
X 642000  Y 644500
X 642000  Y 654500
X 642000  Y 684500
X 642000  Y 664500
X 642000  Y 674500
X 848500  Y 664500
X 848500  Y 644500
X 848500  Y 654500
X 848500  Y 684500
X 848500  Y 674500
X 858500  Y 644500
X 858500  Y 684500
X 858500  Y 664500
X 858500  Y 674500
X 858500  Y 654500
X 858500  Y 694500
X 858500  Y 704500
X 858500  Y 714500
X 858500  Y 724500
X 858500  Y 734500
X 848500  Y 694500
X 848500  Y 704500
X 848500  Y 714500
X 848500  Y 724500
X 848500  Y 734500
X 642000  Y 694500
X 642000  Y 734500
X 642000  Y 724500
X 642000  Y 704500
X 642000  Y 714500
X 632000  Y 734500
X 632000  Y 704500
X 632000  Y 724500
X 632000  Y 694500
X 632000  Y 714500
X 632000  Y 764500
X 632000  Y 754500
X 632000  Y 744500
X 632000  Y 784500
X 632000  Y 774500
X 642000  Y 744500
X 642000  Y 754500
X 642000  Y 784500
X 642000  Y 764500
X 642000  Y 774500
X 669000  Y 786000
X 679000  Y 786000
X 689000  Y 786000
X 699000  Y 786000
X 709000  Y 786000
X 719000  Y 786000
X 729000  Y 786000
X 739000  Y 786000
X 749000  Y 786000
X 759000  Y 786000
X 769000  Y 786000
X 779000  Y 786000
X 789000  Y 786000
X 799000  Y 786000
X 809000  Y 786000
X 819000  Y 786000
X 848500  Y 764500
X 848500  Y 784500
X 848500  Y 744500
X 848500  Y 754500
X 848500  Y 774500
X 858500  Y 744500
X 858500  Y 754500
X 858500  Y 764500
X 858500  Y 774500
X 858500  Y 784500
X 858500  Y 794500
X 848500  Y 794500
X 819000  Y 796000
X 809000  Y 796000
X 799000  Y 796000
X 789000  Y 796000
X 779000  Y 796000
X 769000  Y 796000
X 759000  Y 796000
X 749000  Y 796000
X 739000  Y 796000
X 729000  Y 796000
X 719000  Y 796000
X 709000  Y 796000
X 699000  Y 796000
X 689000  Y 796000
X 679000  Y 796000
X 669000  Y 796000
X 642000  Y 794500
X 632000  Y 794500

Drill: .048  Tool: 6  Feed: 139  Speed: 550
X 576400  Y 566000
X 576400  Y 583700
X 576400  Y 599000
X 576400  Y 616700
X 602000  Y 599000
X 602000  Y 566000
X 602000  Y 616700
X 602000  Y 583700

Drill: .06299  Tool: 7  Feed: 89  Speed: 550
X 719909  Y 716893
X 771090  Y 657838

Drill: .09055  Tool: 8  Feed: 66  Speed: 550
X 702192  Y 659807
X 745500  Y 687366
X 788807  Y 659807
X 788807  Y 714925
X 702192  Y 714925

End of Listing
